<?xml version="1.0" encoding="UTF-8"?>
<!-- Generated by org.testng.reporters.JUnitReportReporter -->
<testsuite hostname="Sarabdeeps-MBP" failures="0" tests="5" name="Tests.AbstractCompsTest" time="10.713" errors="0" timestamp="2023-11-22T13:54:35 CET" skipped="4">
  <testcase classname="Tests.AbstractCompsTest" name="verifyRegisterationPage" time="10.713"/>
  <system-out/>
  <testcase classname="Tests.AbstractCompsTest" name="verifyFloatingButtons_ScrollingToBottomOfScreen">
    <skipped/>
  </testcase> <!-- verifyFloatingButtons_ScrollingToBottomOfScreen -->
  <system-out/>
  <testcase classname="Tests.AbstractCompsTest" name="searchAndAddItemToCart">
    <skipped/>
  </testcase> <!-- searchAndAddItemToCart -->
  <system-out/>
  <testcase classname="Tests.AbstractCompsTest" name="verifyCurrencySelection">
    <skipped/>
  </testcase> <!-- verifyCurrencySelection -->
  <system-out/>
  <testcase classname="Tests.AbstractCompsTest" name="verifyOrderTracking_InvalidTrackingID">
    <skipped/>
  </testcase> <!-- verifyOrderTracking_InvalidTrackingID -->
  <system-out/>
</testsuite> <!-- Tests.AbstractCompsTest -->
