<?xml version="1.0" encoding="UTF-8"?>
<!-- Generated by org.testng.reporters.JUnitReportReporter -->
<testsuite hostname="Sarabdeeps-MBP" failures="0" tests="1" name="Tests.demoTest" time="12.128" errors="0" timestamp="2023-11-22T16:10:40 CET" skipped="0">
  <testcase classname="Tests.demoTest" name="test1" time="12.128"/>
</testsuite> <!-- Tests.demoTest -->
