<?xml version="1.0" encoding="UTF-8"?>
<!-- Generated by org.testng.reporters.JUnitReportReporter -->
<testsuite hostname="Sarabdeeps-MBP" failures="0" tests="5" name="Tests.AbstractCompsTest" time="64.980" errors="0" timestamp="2023-11-22T16:10:40 CET" skipped="0">
  <testcase classname="Tests.AbstractCompsTest" name="verifyOrderTracking_InvalidTrackingID" time="8.580"/>
  <testcase classname="Tests.AbstractCompsTest" name="verifyFloatingButtons_ScrollingToBottomOfScreen" time="9.874"/>
  <testcase classname="Tests.AbstractCompsTest" name="searchAndAddItemToCart" time="26.864"/>
  <testcase classname="Tests.AbstractCompsTest" name="verifyCurrencySelection" time="9.732"/>
  <testcase classname="Tests.AbstractCompsTest" name="verifyRegisterationPage" time="9.930"/>
</testsuite> <!-- Tests.AbstractCompsTest -->
